<?xml version="1.0" encoding="UTF-8"?>
<!-- Generated by org.testng.reporters.JUnitXMLReporter -->
<testsuite hostname="alaqa" ignored="0" name="Default test" tests="3" failures="0" timestamp="2021-05-15T19:54:41 EET" time="26.096" errors="0">
  <testcase name="userSuccesLogin" time="1.854" classname="TestTask.Task.TestCase"/>
  <testcase name="userManagerid" time="1.563" classname="TestTask.Task.TestCase"/>
  <testcase name="userReg" time="4.78" classname="TestTask.Task.TestCase"/>
</testsuite> <!-- Default test -->
